<?xml version="1.0" encoding="UTF-8"?>
<testsuite name="test.RedisTest" time="1.075" tests="1" errors="1" skipped="0" failures="0">
  <properties>
[...]
</properties>
  <testcase name="test" classname="test.RedisTest" time="1.075">
    <error message="Cannot get Jedis connection; nested exception is redis.clients.jedis.exceptions.JedisConnectionException: Could not get a resource from the pool" type="org.springframework.data.redis.RedisConnectionFailureException">org.springframework.data.redis.RedisConnectionFailureException: Cannot get Jedis connection; nested exception is redis.clients.jedis.exceptions.JedisConnectionException: Could not get a resource from the pool
	at java.net.DualStackPlainSocketImpl.waitForConnect(Native Method)
	at java.net.DualStackPlainSocketImpl.socketConnect(DualStackPlainSocketImpl.java:85)
	at java.net.AbstractPlainSocketImpl.doConnect(AbstractPlainSocketImpl.java:350)
	at java.net.AbstractPlainSocketImpl.connectToAddress(AbstractPlainSocketImpl.java:206)
	at java.net.AbstractPlainSocketImpl.connect(AbstractPlainSocketImpl.java:188)
	at java.net.PlainSocketImpl.connect(PlainSocketImpl.java:172)
	at java.net.SocksSocketImpl.connect(SocksSocketImpl.java:392)
	at java.net.Socket.connect(Socket.java:589)
	at redis.clients.jedis.Connection.connect(Connection.java:184)
	at redis.clients.jedis.BinaryClient.connect(BinaryClient.java:93)
	at redis.clients.jedis.BinaryJedis.connect(BinaryJedis.java:1767)
	at redis.clients.jedis.JedisFactory.makeObject(JedisFactory.java:106)
	at org.apache.commons.pool2.impl.GenericObjectPool.create(GenericObjectPool.java:868)
	at org.apache.commons.pool2.impl.GenericObjectPool.borrowObject(GenericObjectPool.java:435)
	at org.apache.commons.pool2.impl.GenericObjectPool.borrowObject(GenericObjectPool.java:363)
	at redis.clients.util.Pool.getResource(Pool.java:49)
	at redis.clients.jedis.JedisPool.getResource(JedisPool.java:226)
	at redis.clients.jedis.JedisPool.getResource(JedisPool.java:16)
	at org.springframework.data.redis.connection.jedis.JedisConnectionFactory.fetchJedisConnector(JedisConnectionFactory.java:194)
	at org.springframework.data.redis.connection.jedis.JedisConnectionFactory.getConnection(JedisConnectionFactory.java:348)
	at org.springframework.data.redis.core.RedisConnectionUtils.doGetConnection(RedisConnectionUtils.java:129)
	at org.springframework.data.redis.core.RedisConnectionUtils.getConnection(RedisConnectionUtils.java:92)
	at org.springframework.data.redis.core.RedisConnectionUtils.getConnection(RedisConnectionUtils.java:79)
	at org.springframework.data.redis.core.RedisTemplate.execute(RedisTemplate.java:194)
	at org.springframework.data.redis.core.RedisTemplate.execute(RedisTemplate.java:169)
	at org.springframework.data.redis.core.AbstractOperations.execute(AbstractOperations.java:91)
	at org.springframework.data.redis.core.DefaultValueOperations.set(DefaultValueOperations.java:169)
	at test.RedisTest.test(RedisTest.java:30)
</error>
    <system-out><![CDATA[16:35:08.173 [main] DEBUG org.springframework.test.context.junit4.SpringJUnit4ClassRunner - SpringJUnit4ClassRunner constructor called with [class test.RedisTest]
16:35:08.178 [main] DEBUG org.springframework.test.context.BootstrapUtils - Instantiating CacheAwareContextLoaderDelegate from class [org.springframework.test.context.cache.DefaultCacheAwareContextLoaderDelegate]
16:35:08.184 [main] DEBUG org.springframework.test.context.BootstrapUtils - Instantiating BootstrapContext using constructor [public org.springframework.test.context.support.DefaultBootstrapContext(java.lang.Class,org.springframework.test.context.CacheAwareContextLoaderDelegate)]
16:35:08.198 [main] DEBUG org.springframework.test.context.BootstrapUtils - Instantiating TestContextBootstrapper for test class [test.RedisTest] from class [org.springframework.boot.test.context.SpringBootTestContextBootstrapper]
16:35:08.209 [main] INFO org.springframework.boot.test.context.SpringBootTestContextBootstrapper - Neither @ContextConfiguration nor @ContextHierarchy found for test class [test.RedisTest], using SpringBootContextLoader
16:35:08.212 [main] DEBUG org.springframework.test.context.support.AbstractContextLoader - Did not detect default resource location for test class [test.RedisTest]: class path resource [test/RedisTest-context.xml] does not exist
16:35:08.212 [main] DEBUG org.springframework.test.context.support.AbstractContextLoader - Did not detect default resource location for test class [test.RedisTest]: class path resource [test/RedisTestContext.groovy] does not exist
16:35:08.213 [main] INFO org.springframework.test.context.support.AbstractContextLoader - Could not detect default resource locations for test class [test.RedisTest]: no resource found for suffixes {-context.xml, Context.groovy}.
16:35:08.246 [main] DEBUG org.springframework.test.context.support.ActiveProfilesUtils - Could not find an 'annotation declaring class' for annotation type [org.springframework.test.context.ActiveProfiles] and class [test.RedisTest]
16:35:08.269 [main] DEBUG org.springframework.boot.test.context.SpringBootTestContextBootstrapper - @TestExecutionListeners is not present for class [test.RedisTest]: using defaults.
16:35:08.274 [main] INFO org.springframework.boot.test.context.SpringBootTestContextBootstrapper - Loaded default TestExecutionListener class names from location [META-INF/spring.factories]: [org.springframework.boot.test.mock.mockito.MockitoTestExecutionListener, org.springframework.boot.test.mock.mockito.ResetMocksTestExecutionListener, org.springframework.boot.test.autoconfigure.restdocs.RestDocsTestExecutionListener, org.springframework.boot.test.autoconfigure.web.client.MockRestServiceServerResetTestExecutionListener, org.springframework.boot.test.autoconfigure.web.servlet.MockMvcPrintOnlyOnFailureTestExecutionListener, org.springframework.boot.test.autoconfigure.web.servlet.WebDriverTestExecutionListener, org.springframework.test.context.web.ServletTestExecutionListener, org.springframework.test.context.support.DirtiesContextBeforeModesTestExecutionListener, org.springframework.test.context.support.DependencyInjectionTestExecutionListener, org.springframework.test.context.support.DirtiesContextTestExecutionListener, org.springframework.test.context.transaction.TransactionalTestExecutionListener, org.springframework.test.context.jdbc.SqlScriptsTestExecutionListener]
16:35:08.301 [main] INFO org.springframework.boot.test.context.SpringBootTestContextBootstrapper - Using TestExecutionListeners: [org.springframework.test.context.web.ServletTestExecutionListener@530612ba, org.springframework.test.context.support.DirtiesContextBeforeModesTestExecutionListener@2a40cd94, org.springframework.boot.test.autoconfigure.SpringBootDependencyInjectionTestExecutionListener@f4168b8, org.springframework.test.context.support.DirtiesContextTestExecutionListener@3bd94634, org.springframework.test.context.transaction.TransactionalTestExecutionListener@58a90037, org.springframework.test.context.jdbc.SqlScriptsTestExecutionListener@74294adb, org.springframework.boot.test.autoconfigure.restdocs.RestDocsTestExecutionListener@70a9f84e, org.springframework.boot.test.mock.mockito.MockitoTestExecutionListener@130f889, org.springframework.boot.test.autoconfigure.web.client.MockRestServiceServerResetTestExecutionListener@1188e820, org.springframework.boot.test.autoconfigure.web.servlet.MockMvcPrintOnlyOnFailureTestExecutionListener@2f490758, org.springframework.boot.test.mock.mockito.ResetMocksTestExecutionListener@101df177, org.springframework.boot.test.autoconfigure.web.servlet.WebDriverTestExecutionListener@166fa74d]
16:35:08.304 [main] DEBUG org.springframework.test.annotation.ProfileValueUtils - Retrieved @ProfileValueSourceConfiguration [null] for test class [test.RedisTest]
16:35:08.305 [main] DEBUG org.springframework.test.annotation.ProfileValueUtils - Retrieved ProfileValueSource type [class org.springframework.test.annotation.SystemProfileValueSource] for class [test.RedisTest]
16:35:08.307 [main] DEBUG org.springframework.test.context.junit4.SpringJUnit4ClassRunner - SpringJUnit4ClassRunner constructor called with [class test.RedisTest]
16:35:08.307 [main] DEBUG org.springframework.test.context.BootstrapUtils - Instantiating CacheAwareContextLoaderDelegate from class [org.springframework.test.context.cache.DefaultCacheAwareContextLoaderDelegate]
16:35:08.308 [main] DEBUG org.springframework.test.context.BootstrapUtils - Instantiating BootstrapContext using constructor [public org.springframework.test.context.support.DefaultBootstrapContext(java.lang.Class,org.springframework.test.context.CacheAwareContextLoaderDelegate)]
16:35:08.308 [main] DEBUG org.springframework.test.context.BootstrapUtils - Instantiating TestContextBootstrapper for test class [test.RedisTest] from class [org.springframework.boot.test.context.SpringBootTestContextBootstrapper]
16:35:08.308 [main] INFO org.springframework.boot.test.context.SpringBootTestContextBootstrapper - Neither @ContextConfiguration nor @ContextHierarchy found for test class [test.RedisTest], using SpringBootContextLoader
16:35:08.309 [main] DEBUG org.springframework.test.context.support.AbstractContextLoader - Did not detect default resource location for test class [test.RedisTest]: class path resource [test/RedisTest-context.xml] does not exist
16:35:08.309 [main] DEBUG org.springframework.test.context.support.AbstractContextLoader - Did not detect default resource location for test class [test.RedisTest]: class path resource [test/RedisTestContext.groovy] does not exist
16:35:08.309 [main] INFO org.springframework.test.context.support.AbstractContextLoader - Could not detect default resource locations for test class [test.RedisTest]: no resource found for suffixes {-context.xml, Context.groovy}.
16:35:08.328 [main] DEBUG org.springframework.test.context.support.ActiveProfilesUtils - Could not find an 'annotation declaring class' for annotation type [org.springframework.test.context.ActiveProfiles] and class [test.RedisTest]
16:35:08.331 [main] DEBUG org.springframework.boot.test.context.SpringBootTestContextBootstrapper - @TestExecutionListeners is not present for class [test.RedisTest]: using defaults.
16:35:08.335 [main] INFO org.springframework.boot.test.context.SpringBootTestContextBootstrapper - Loaded default TestExecutionListener class names from location [META-INF/spring.factories]: [org.springframework.boot.test.mock.mockito.MockitoTestExecutionListener, org.springframework.boot.test.mock.mockito.ResetMocksTestExecutionListener, org.springframework.boot.test.autoconfigure.restdocs.RestDocsTestExecutionListener, org.springframework.boot.test.autoconfigure.web.client.MockRestServiceServerResetTestExecutionListener, org.springframework.boot.test.autoconfigure.web.servlet.MockMvcPrintOnlyOnFailureTestExecutionListener, org.springframework.boot.test.autoconfigure.web.servlet.WebDriverTestExecutionListener, org.springframework.test.context.web.ServletTestExecutionListener, org.springframework.test.context.support.DirtiesContextBeforeModesTestExecutionListener, org.springframework.test.context.support.DependencyInjectionTestExecutionListener, org.springframework.test.context.support.DirtiesContextTestExecutionListener, org.springframework.test.context.transaction.TransactionalTestExecutionListener, org.springframework.test.context.jdbc.SqlScriptsTestExecutionListener]
16:35:08.340 [main] INFO org.springframework.boot.test.context.SpringBootTestContextBootstrapper - Using TestExecutionListeners: [org.springframework.test.context.web.ServletTestExecutionListener@7fe8ea47, org.springframework.test.context.support.DirtiesContextBeforeModesTestExecutionListener@226a82c4, org.springframework.boot.test.autoconfigure.SpringBootDependencyInjectionTestExecutionListener@731f8236, org.springframework.test.context.support.DirtiesContextTestExecutionListener@255b53dc, org.springframework.test.context.transaction.TransactionalTestExecutionListener@1dd92fe2, org.springframework.test.context.jdbc.SqlScriptsTestExecutionListener@6b53e23f, org.springframework.boot.test.autoconfigure.restdocs.RestDocsTestExecutionListener@64d2d351, org.springframework.boot.test.mock.mockito.MockitoTestExecutionListener@1b68b9a4, org.springframework.boot.test.autoconfigure.web.client.MockRestServiceServerResetTestExecutionListener@4f9a3314, org.springframework.boot.test.autoconfigure.web.servlet.MockMvcPrintOnlyOnFailureTestExecutionListener@3b2c72c2, org.springframework.boot.test.mock.mockito.ResetMocksTestExecutionListener@491666ad, org.springframework.boot.test.autoconfigure.web.servlet.WebDriverTestExecutionListener@176d53b2]
16:35:08.341 [main] DEBUG org.springframework.test.annotation.ProfileValueUtils - Retrieved @ProfileValueSourceConfiguration [null] for test class [test.RedisTest]
16:35:08.341 [main] DEBUG org.springframework.test.annotation.ProfileValueUtils - Retrieved ProfileValueSource type [class org.springframework.test.annotation.SystemProfileValueSource] for class [test.RedisTest]
16:35:08.342 [main] DEBUG org.springframework.test.annotation.ProfileValueUtils - Retrieved @ProfileValueSourceConfiguration [null] for test class [test.RedisTest]
16:35:08.343 [main] DEBUG org.springframework.test.annotation.ProfileValueUtils - Retrieved ProfileValueSource type [class org.springframework.test.annotation.SystemProfileValueSource] for class [test.RedisTest]
16:35:08.348 [main] DEBUG org.springframework.test.context.support.AbstractDirtiesContextTestExecutionListener - Before test class: context [DefaultTestContext@1a38c59b testClass = RedisTest, testInstance = [null], testMethod = [null], testException = [null], mergedContextConfiguration = [WebMergedContextConfiguration@7f77e91b testClass = RedisTest, locations = '{}', classes = '{class com.origen.faceshare.Application, class com.origen.faceshare.Application}', contextInitializerClasses = '[]', activeProfiles = '{}', propertySourceLocations = '{}', propertySourceProperties = '{org.springframework.boot.test.context.SpringBootTestContextBootstrapper=true}', contextCustomizers = set[org.springframework.boot.test.context.SpringBootTestContextCustomizer@51cdd8a, org.springframework.boot.test.context.filter.ExcludeFilterContextCustomizer@2d6eabae, org.springframework.boot.test.json.DuplicateJsonObjectContextCustomizerFactory$DuplicateJsonObjectContextCustomizer@10bbd20a, org.springframework.boot.test.mock.mockito.MockitoContextCustomizer@0, org.springframework.boot.test.autoconfigure.properties.PropertyMappingContextCustomizer@0, org.springframework.boot.test.autoconfigure.web.servlet.WebDriverContextCustomizerFactory$Customizer@34cd072c, org.springframework.test.context.web.socket.MockServerContainerContextCustomizer@528931cf], resourceBasePath = 'src/main/webapp', contextLoader = 'org.springframework.boot.test.context.SpringBootContextLoader', parent = [null]]], class annotated with @DirtiesContext [false] with mode [null].
16:35:08.349 [main] DEBUG org.springframework.test.annotation.ProfileValueUtils - Retrieved @ProfileValueSourceConfiguration [null] for test class [test.RedisTest]
16:35:08.350 [main] DEBUG org.springframework.test.annotation.ProfileValueUtils - Retrieved ProfileValueSource type [class org.springframework.test.annotation.SystemProfileValueSource] for class [test.RedisTest]
16:35:08.420 [main] DEBUG org.springframework.core.env.StandardEnvironment - Adding [systemProperties] PropertySource with lowest search precedence
16:35:08.421 [main] DEBUG org.springframework.core.env.StandardEnvironment - Adding [systemEnvironment] PropertySource with lowest search precedence
16:35:08.421 [main] DEBUG org.springframework.core.env.StandardEnvironment - Initialized StandardEnvironment with PropertySources [systemProperties,systemEnvironment]
16:35:08.422 [main] DEBUG org.springframework.core.env.MutablePropertySources - Adding [inline] PropertySource with highest search precedence
16:35:08.427 [main] DEBUG org.springframework.test.context.support.TestPropertySourceUtils - Adding inlined properties to environment: {spring.jmx.enabled=false, org.springframework.boot.test.context.SpringBootTestContextBootstrapper=true, server.port=-1}
16:35:08.427 [main] DEBUG org.springframework.core.env.StandardEnvironment - Adding [Inlined Test Properties] PropertySource with highest search precedence

  .   ____          _            __ _ _
 /\\ / ___'_ __ _ _(_)_ __  __ _ \ \ \ \
( ( )\___ | '_ | '_| | '_ \/ _` | \ \ \ \
 \\/  ___)| |_)| | | | | || (_| |  ) ) ) )
  '  |____| .__|_| |_|_| |_\__, | / / / /
 =========|_|==============|___/=/_/_/_/
 :: Spring Boot ::        (v1.5.4.RELEASE)

2017-08-31 16:35:08 [INFO] - Starting RedisTest on WangYiChao with PID 7172 (started by 11 in E:\workspace\FaceShare)
2017-08-31 16:35:08 [INFO] - No active profile set, falling back to default profiles: default
2017-08-31 16:35:08 [INFO] - Refreshing org.springframework.web.context.support.GenericWebApplicationContext@1b66c0fb: startup date [Thu Aug 31 16:35:08 CST 2017]; root of context hierarchy
2017-08-31 16:35:09 [INFO] - HV000001: Hibernate Validator 5.3.5.Final
2017-08-31 16:35:09 [INFO] - Multiple Spring Data modules found, entering strict repository configuration mode!
2017-08-31 16:35:09 [INFO] - Multiple Spring Data modules found, entering strict repository configuration mode!
2017-08-31 16:35:09 [INFO] - Spring Data Redis - Could not safely identify store assignment for repository candidate interface com.origen.faceshare.repository.MoodCommentReplyRepository.
2017-08-31 16:35:09 [INFO] - Spring Data Redis - Could not safely identify store assignment for repository candidate interface com.origen.faceshare.repository.MoodCommentRepository.
2017-08-31 16:35:09 [INFO] - Spring Data Redis - Could not safely identify store assignment for repository candidate interface com.origen.faceshare.repository.UserRepository.
2017-08-31 16:35:09 [INFO] - Spring Data Redis - Could not safely identify store assignment for repository candidate interface com.origen.faceshare.repository.DiaryRepository.
2017-08-31 16:35:09 [INFO] - Spring Data Redis - Could not safely identify store assignment for repository candidate interface com.origen.faceshare.repository.MoodRepository.
2017-08-31 16:35:09 [INFO] - Spring Data Redis - Could not safely identify store assignment for repository candidate interface com.origen.faceshare.repository.UserMessageRepository.
2017-08-31 16:35:10 [INFO] - Building JPA container EntityManagerFactory for persistence unit 'default'
2017-08-31 16:35:10 [INFO] - HHH000412: Hibernate Core {5.0.12.Final}
2017-08-31 16:35:10 [INFO] - HHH000206: hibernate.properties not found
2017-08-31 16:35:10 [INFO] - HHH000021: Bytecode provider name : javassist
2017-08-31 16:35:10 [INFO] - HCANN000001: Hibernate Commons Annotations {5.0.1.Final}
2017-08-31 16:35:11 [INFO] - HHH000400: Using dialect: org.hibernate.dialect.MySQL5Dialect
2017-08-31 16:35:11 [INFO] - HHH000228: Running hbm2ddl schema update
2017-08-31 16:35:11 [INFO] - Initialized JPA EntityManagerFactory for persistence unit 'default'
2017-08-31 16:35:12 [INFO] - HHH000397: Using ASTQueryTranslatorFactory
2017-08-31 16:35:12 [INFO] - Looking for @ControllerAdvice: org.springframework.web.context.support.GenericWebApplicationContext@1b66c0fb: startup date [Thu Aug 31 16:35:08 CST 2017]; root of context hierarchy
2017-08-31 16:35:12 [INFO] - Mapped "{[/diaryDetail]}" onto public org.springframework.web.servlet.ModelAndView com.origen.faceshare.controller.DiaryController.diaryDetail(java.lang.Integer)
2017-08-31 16:35:12 [INFO] - Mapped "{[/sendDiary]}" onto public org.springframework.web.servlet.ModelAndView com.origen.faceshare.controller.DiaryController.sendDiary(com.origen.faceshare.model.entity.Diary,javax.servlet.http.HttpSession)
2017-08-31 16:35:12 [INFO] - Mapped "{[/updateDiary]}" onto public org.springframework.web.servlet.ModelAndView com.origen.faceshare.controller.DiaryController.updateDiary(com.origen.faceshare.model.entity.Diary)
2017-08-31 16:35:12 [INFO] - Mapped "{[/deleteDiary]}" onto public org.springframework.web.servlet.ModelAndView com.origen.faceshare.controller.DiaryController.deleteDiary(java.lang.Integer)
2017-08-31 16:35:12 [INFO] - Mapped "{[/deleteMood]}" onto public org.springframework.web.servlet.ModelAndView com.origen.faceshare.controller.MoodsController.deleteMood(java.lang.Integer)
2017-08-31 16:35:12 [INFO] - Mapped "{[/commentMood]}" onto public org.springframework.web.servlet.ModelAndView com.origen.faceshare.controller.MoodsController.commentMood(java.lang.Integer,java.lang.String,javax.servlet.http.HttpSession)
2017-08-31 16:35:12 [INFO] - Mapped "{[/replyComment]}" onto public org.springframework.web.servlet.ModelAndView com.origen.faceshare.controller.MoodsController.replyComment(java.lang.Integer,java.lang.Integer,java.lang.String,javax.servlet.http.HttpSession,java.lang.String)
2017-08-31 16:35:12 [INFO] - Mapped "{[/moodShare]}" onto public org.springframework.web.servlet.ModelAndView com.origen.faceshare.controller.MoodsController.moodShare(javax.servlet.http.HttpSession,javax.servlet.http.HttpServletRequest,javax.servlet.http.HttpServletResponse,org.springframework.web.multipart.MultipartFile[],java.lang.String)
2017-08-31 16:35:12 [INFO] - Mapped "{[/toIndex]}" onto public org.springframework.web.servlet.ModelAndView com.origen.faceshare.controller.NavigateController.toIndex(javax.servlet.http.HttpServletRequest)
2017-08-31 16:35:12 [INFO] - Mapped "{[/toMyDiary]}" onto public org.springframework.web.servlet.ModelAndView com.origen.faceshare.controller.NavigateController.toMyDiary(javax.servlet.http.HttpSession,java.lang.Integer)
2017-08-31 16:35:12 [INFO] - Mapped "{[/toFriendDynamic]}" onto public org.springframework.web.servlet.ModelAndView com.origen.faceshare.controller.NavigateController.toFriendDynamic(javax.servlet.http.HttpSession,java.lang.Integer)
2017-08-31 16:35:12 [INFO] - Mapped "{[/toMyDynamic]}" onto public org.springframework.web.servlet.ModelAndView com.origen.faceshare.controller.NavigateController.toMyDynamic(javax.servlet.http.HttpSession,java.lang.Integer)
2017-08-31 16:35:12 [INFO] - Mapped "{[/toAddUserInfo]}" onto public org.springframework.web.servlet.ModelAndView com.origen.faceshare.controller.NavigateController.toAddUserInfo(javax.servlet.http.HttpSession)
2017-08-31 16:35:12 [INFO] - Mapped "{[/toAddFriend]}" onto public org.springframework.web.servlet.ModelAndView com.origen.faceshare.controller.NavigateController.toAddFriend()
2017-08-31 16:35:12 [INFO] - Mapped "{[/]}" onto public org.springframework.web.servlet.ModelAndView com.origen.faceshare.controller.NavigateController.toLogin(javax.servlet.http.HttpServletRequest)
2017-08-31 16:35:12 [INFO] - Mapped "{[/toUserMessage]}" onto public org.springframework.web.servlet.ModelAndView com.origen.faceshare.controller.NavigateController.toUserMessage(java.lang.Integer,javax.servlet.http.HttpSession)
2017-08-31 16:35:12 [INFO] - Mapped "{[/toMyFriends]}" onto public org.springframework.web.servlet.ModelAndView com.origen.faceshare.controller.NavigateController.toMyFriends(javax.servlet.http.HttpSession,java.lang.Integer)
2017-08-31 16:35:12 [INFO] - Mapped "{[/toFaceShare]}" onto public org.springframework.web.servlet.ModelAndView com.origen.faceshare.controller.NavigateController.toFaceShare()
2017-08-31 16:35:12 [INFO] - Mapped "{[/toDiary]}" onto public org.springframework.web.servlet.ModelAndView com.origen.faceshare.controller.NavigateController.toBlog()
2017-08-31 16:35:12 [INFO] - Mapped "{[/login]}" onto public void com.origen.faceshare.controller.UserController.userLogin(com.origen.faceshare.model.entity.User,javax.servlet.http.HttpServletResponse,javax.servlet.http.HttpSession,java.lang.String)
2017-08-31 16:35:12 [INFO] - Mapped "{[/loginout]}" onto public org.springframework.web.servlet.ModelAndView com.origen.faceshare.controller.UserController.loginout(javax.servlet.http.HttpSession)
2017-08-31 16:35:12 [INFO] - Mapped "{[/searchUser]}" onto public void com.origen.faceshare.controller.UserController.searchUser(java.lang.String,java.lang.String,java.lang.String,javax.servlet.http.HttpServletResponse,javax.servlet.http.HttpSession)
2017-08-31 16:35:12 [INFO] - Mapped "{[/register]}" onto public void com.origen.faceshare.controller.UserController.userRegister(com.origen.faceshare.model.entity.User,javax.servlet.http.HttpServletResponse,javax.servlet.http.HttpSession)
2017-08-31 16:35:12 [INFO] - Mapped "{[/addUserInfo]}" onto public org.springframework.web.servlet.ModelAndView com.origen.faceshare.controller.UserController.addUserInfo(javax.servlet.http.HttpSession,javax.servlet.http.HttpServletRequest,javax.servlet.http.HttpServletResponse,org.springframework.web.multipart.MultipartFile,java.lang.String,java.lang.String)
2017-08-31 16:35:12 [INFO] - Mapped "{[/showUserInfo]}" onto public void com.origen.faceshare.controller.UserController.showUserInfo(java.lang.Integer,javax.servlet.http.HttpServletResponse)
2017-08-31 16:35:12 [INFO] - Mapped "{[/userMessageDeal]}" onto public void com.origen.faceshare.controller.UserController.userMessageDeal(java.lang.Integer,java.lang.Integer,java.lang.String,javax.servlet.http.HttpSession,java.lang.Integer,javax.servlet.http.HttpServletResponse)
2017-08-31 16:35:12 [INFO] - Mapped "{[/addFriend]}" onto public void com.origen.faceshare.controller.UserController.addFriend(javax.servlet.http.HttpSession,java.lang.String,javax.servlet.http.HttpServletResponse)
2017-08-31 16:35:12 [INFO] - Mapped "{[/userSendMessage]}" onto public void com.origen.faceshare.controller.UserController.userSendMessage(java.lang.Integer,java.lang.String,javax.servlet.http.HttpSession,javax.servlet.http.HttpServletResponse)
2017-08-31 16:35:12 [INFO] - Mapped "{[/deleteFriend]}" onto public org.springframework.web.servlet.ModelAndView com.origen.faceshare.controller.UserController.deleteFriend(java.lang.Integer,javax.servlet.http.HttpSession)
2017-08-31 16:35:12 [INFO] - Mapped "{[/error]}" onto public org.springframework.http.ResponseEntity<java.util.Map<java.lang.String, java.lang.Object>> org.springframework.boot.autoconfigure.web.BasicErrorController.error(javax.servlet.http.HttpServletRequest)
2017-08-31 16:35:12 [INFO] - Mapped "{[/error],produces=[text/html]}" onto public org.springframework.web.servlet.ModelAndView org.springframework.boot.autoconfigure.web.BasicErrorController.errorHtml(javax.servlet.http.HttpServletRequest,javax.servlet.http.HttpServletResponse)
2017-08-31 16:35:12 [INFO] - Mapped URL path [/webjars/**] onto handler of type [class org.springframework.web.servlet.resource.ResourceHttpRequestHandler]
2017-08-31 16:35:12 [INFO] - Mapped URL path [/**] onto handler of type [class org.springframework.web.servlet.resource.ResourceHttpRequestHandler]
2017-08-31 16:35:12 [INFO] - Mapped URL path [/**/favicon.ico] onto handler of type [class org.springframework.web.servlet.resource.ResourceHttpRequestHandler]
2017-08-31 16:35:13 [WARN] - spring-boot-starter-redis is deprecated as of Spring Boot 1.4, please migrate to spring-boot-starter-data-redis
2017-08-31 16:35:13 [INFO] - Started RedisTest in 5.146 seconds (JVM running for 5.696)
]]></system-out>
    <system-err><![CDATA[Thu Aug 31 16:35:10 CST 2017 WARN: Establishing SSL connection without server's identity verification is not recommended. According to MySQL 5.5.45+, 5.6.26+ and 5.7.6+ requirements SSL connection must be established by default if explicit option isn't set. For compliance with existing applications not using SSL the verifyServerCertificate property is set to 'false'. You need either to explicitly disable SSL by setting useSSL=false, or set useSSL=true and provide truststore for server certificate verification.
Thu Aug 31 16:35:11 CST 2017 WARN: Establishing SSL connection without server's identity verification is not recommended. According to MySQL 5.5.45+, 5.6.26+ and 5.7.6+ requirements SSL connection must be established by default if explicit option isn't set. For compliance with existing applications not using SSL the verifyServerCertificate property is set to 'false'. You need either to explicitly disable SSL by setting useSSL=false, or set useSSL=true and provide truststore for server certificate verification.
Thu Aug 31 16:35:11 CST 2017 WARN: Establishing SSL connection without server's identity verification is not recommended. According to MySQL 5.5.45+, 5.6.26+ and 5.7.6+ requirements SSL connection must be established by default if explicit option isn't set. For compliance with existing applications not using SSL the verifyServerCertificate property is set to 'false'. You need either to explicitly disable SSL by setting useSSL=false, or set useSSL=true and provide truststore for server certificate verification.
Thu Aug 31 16:35:11 CST 2017 WARN: Establishing SSL connection without server's identity verification is not recommended. According to MySQL 5.5.45+, 5.6.26+ and 5.7.6+ requirements SSL connection must be established by default if explicit option isn't set. For compliance with existing applications not using SSL the verifyServerCertificate property is set to 'false'. You need either to explicitly disable SSL by setting useSSL=false, or set useSSL=true and provide truststore for server certificate verification.
Thu Aug 31 16:35:11 CST 2017 WARN: Establishing SSL connection without server's identity verification is not recommended. According to MySQL 5.5.45+, 5.6.26+ and 5.7.6+ requirements SSL connection must be established by default if explicit option isn't set. For compliance with existing applications not using SSL the verifyServerCertificate property is set to 'false'. You need either to explicitly disable SSL by setting useSSL=false, or set useSSL=true and provide truststore for server certificate verification.
Thu Aug 31 16:35:11 CST 2017 WARN: Establishing SSL connection without server's identity verification is not recommended. According to MySQL 5.5.45+, 5.6.26+ and 5.7.6+ requirements SSL connection must be established by default if explicit option isn't set. For compliance with existing applications not using SSL the verifyServerCertificate property is set to 'false'. You need either to explicitly disable SSL by setting useSSL=false, or set useSSL=true and provide truststore for server certificate verification.
Thu Aug 31 16:35:11 CST 2017 WARN: Establishing SSL connection without server's identity verification is not recommended. According to MySQL 5.5.45+, 5.6.26+ and 5.7.6+ requirements SSL connection must be established by default if explicit option isn't set. For compliance with existing applications not using SSL the verifyServerCertificate property is set to 'false'. You need either to explicitly disable SSL by setting useSSL=false, or set useSSL=true and provide truststore for server certificate verification.
Thu Aug 31 16:35:11 CST 2017 WARN: Establishing SSL connection without server's identity verification is not recommended. According to MySQL 5.5.45+, 5.6.26+ and 5.7.6+ requirements SSL connection must be established by default if explicit option isn't set. For compliance with existing applications not using SSL the verifyServerCertificate property is set to 'false'. You need either to explicitly disable SSL by setting useSSL=false, or set useSSL=true and provide truststore for server certificate verification.
Thu Aug 31 16:35:11 CST 2017 WARN: Establishing SSL connection without server's identity verification is not recommended. According to MySQL 5.5.45+, 5.6.26+ and 5.7.6+ requirements SSL connection must be established by default if explicit option isn't set. For compliance with existing applications not using SSL the verifyServerCertificate property is set to 'false'. You need either to explicitly disable SSL by setting useSSL=false, or set useSSL=true and provide truststore for server certificate verification.
Thu Aug 31 16:35:11 CST 2017 WARN: Establishing SSL connection without server's identity verification is not recommended. According to MySQL 5.5.45+, 5.6.26+ and 5.7.6+ requirements SSL connection must be established by default if explicit option isn't set. For compliance with existing applications not using SSL the verifyServerCertificate property is set to 'false'. You need either to explicitly disable SSL by setting useSSL=false, or set useSSL=true and provide truststore for server certificate verification.
]]></system-err>
  </testcase>
</testsuite>